2025-04-13 15:27:38,275 - INFO - Fetching the last date from the database.
2025-04-13 15:27:38,348 - INFO - No date found in the database.
2025-04-13 15:27:38,349 - INFO - Fetching data from 2023-01-01 00:00:00 to 2025-04-09 00:00:00
2025-04-13 15:27:38,350 - INFO - Fetching data from 2023-01-01 00:00:00 to 2025-04-09 00:00:00 using API.
2025-04-13 15:43:43,630 - INFO - Fetched 1191983 records from the API.
2025-04-13 15:45:13,410 - INFO - Processing and aggregating 1191983 records.
2025-04-13 15:45:53,545 - INFO - Aggregated data to 19896 records.
2025-04-13 15:45:53,549 - INFO - Adding features to 19896 records.
2025-04-13 15:45:53,641 - INFO - Feature engineering completed with 19885 records.
2025-04-13 15:45:53,644 - INFO - Storing data to database.
2025-04-13 15:45:58,004 - INFO - Data successfully stored in the database and log updated.
2025-04-13 15:45:58,366 - INFO - Pipeline executed successfully.
2025-04-13 15:52:47,603 - INFO - Fetching the last date from the database.
2025-04-13 15:52:47,638 - INFO - Last date from the database: 2025-04-08 23:00:00
2025-04-13 15:52:47,640 - INFO - Fetching data from 2025-04-09 00:00:00 to 2025-04-13 15:52:47.640505
2025-04-13 15:52:47,641 - INFO - Fetching data from 2025-04-09 00:00:00 to 2025-04-13 15:52:47.640505 using API.
2025-04-13 15:52:51,182 - INFO - Fetched 6700 records from the API.
2025-04-13 15:52:51,187 - INFO - Processing and aggregating 6700 records.
2025-04-13 15:52:51,261 - INFO - Aggregated data to 112 records.
2025-04-13 15:52:51,262 - INFO - Adding features to 112 records.
2025-04-13 15:52:51,278 - INFO - Feature engineering completed with 101 records.
2025-04-13 15:52:51,278 - INFO - Storing data to database.
2025-04-13 15:52:51,462 - INFO - Data successfully stored in the database and log updated.
2025-04-13 15:52:51,477 - INFO - Pipeline executed successfully.
2025-04-13 16:16:22,825 - INFO - Fetching the last date from the database.
2025-04-13 16:16:22,930 - INFO - Last date from the database: 2025-04-13 15:00:00
2025-04-13 16:16:22,931 - INFO - Fetching data from 2025-04-13 16:00:00 to 2025-04-13 16:16:22.931799
2025-04-13 16:16:22,932 - INFO - Fetching data from 2025-04-13 16:00:00 to 2025-04-13 16:16:22.931799 using API.
2025-04-13 16:16:24,628 - INFO - Fetched 16 records from the API.
2025-04-13 16:16:24,629 - INFO - Processing and aggregating 16 records.
2025-04-13 16:16:24,763 - INFO - Aggregated data to 1 records.
2025-04-13 16:16:24,765 - INFO - Adding features to 1 records.
2025-04-13 16:16:24,803 - INFO - Feature engineering completed with 0 records.
2025-04-13 16:16:24,806 - WARNING - No valid data after processing. Skipping storage.
2025-04-13 16:54:31,590 - INFO - Fetching the last date from the database.
2025-04-13 16:54:31,599 - INFO - Last date from the database: 2025-04-13 15:00:00
2025-04-13 16:54:31,601 - INFO - Fetching data from 2025-04-13 16:00:00 to 2025-04-13 16:54:31.601310
2025-04-13 16:54:31,601 - INFO - Fetching data from 2025-04-13 16:00:00 to 2025-04-13 16:54:31.601310 using API.
2025-04-13 16:54:31,978 - INFO - Fetched 54 records from the API.
2025-04-13 16:54:31,979 - INFO - Processing and aggregating 54 records.
2025-04-13 16:54:32,041 - INFO - Aggregated data to 1 records.
2025-04-13 16:54:32,042 - INFO - Adding features to 1 records.
2025-04-13 16:54:32,061 - INFO - Feature engineering completed with 0 records.
2025-04-13 16:54:32,062 - WARNING - No valid data after processing. Skipping storage.
2025-04-13 17:40:57,257 - INFO - Fetching the last date from the database.
2025-04-13 17:40:57,271 - ERROR - Unexpected error while fetching last date: Execution failed on sql 'SELECT MAX(TimeStamp) AS last_date FROM aggregated_data': no such table: aggregated_data
2025-04-13 17:40:57,272 - INFO - Fetching data from 2023-01-01 00:00:00 to 2025-04-09 00:00:00
2025-04-13 17:40:57,272 - INFO - Fetching data from 2023-01-01 00:00:00 to 2025-04-09 00:00:00 using API.
2025-04-13 17:43:07,565 - INFO - Fetching the last date from the database.
2025-04-13 17:43:07,613 - INFO - No date found in the database.
2025-04-13 17:43:07,614 - INFO - Fetching data from 2023-01-01 00:00:00 to 2025-04-09 00:00:00
2025-04-13 17:43:07,615 - INFO - Fetching data from 2023-01-01 00:00:00 to 2025-04-09 00:00:00 using API.
2025-04-13 17:59:19,904 - INFO - Fetching the last date from the database.
2025-04-13 17:59:19,924 - INFO - No date found in the database.
2025-04-13 17:59:19,925 - INFO - Fetching data from 2023-01-01 00:00:00 to 2025-04-09 00:00:00
2025-04-13 17:59:19,925 - INFO - Fetching data from 2023-01-01 00:00:00 to 2025-04-09 00:00:00 using API.
2025-04-13 18:12:26,180 - INFO - Fetching the last date from the database.
2025-04-13 18:12:26,201 - INFO - No date found in the database.
2025-04-13 18:12:26,201 - INFO - Fetching data from 2023-01-01 00:00:00 to 2025-04-09 00:00:00
2025-04-13 18:12:26,202 - INFO - Fetching data from 2023-01-01 00:00:00 to 2025-04-09 00:00:00 using API.
2025-04-13 18:40:53,940 - INFO - Fetching the last date from the database.
2025-04-13 18:40:53,954 - INFO - No date found in the database.
2025-04-13 18:40:53,954 - INFO - Fetching data from 2023-01-01 00:00:00 to 2025-04-09 00:00:00
2025-04-13 18:40:53,954 - INFO - Fetching data from 2023-01-01 00:00:00 to 2025-04-09 00:00:00 using API.
2025-04-13 18:54:07,623 - INFO - Fetched 1191983 records from the API.
2025-04-13 18:54:49,123 - INFO - Processing and aggregating 1191983 records.
2025-04-13 18:55:18,503 - INFO - Aggregated data to 19896 records.
2025-04-13 18:55:18,510 - INFO - Adding features to 19896 records.
2025-04-13 18:55:18,621 - INFO - Feature engineering completed with 19885 records.
2025-04-13 18:55:18,626 - INFO - Storing data to database.
2025-04-13 18:55:21,925 - INFO - Data successfully stored in the database and log updated.
2025-04-13 18:55:22,122 - INFO - Pipeline executed successfully.
2025-04-13 18:57:29,660 - INFO - Fetching the last date from the database.
2025-04-13 18:57:29,677 - INFO - Last date from the database: 2025-04-08 23:00:00
2025-04-13 18:57:29,678 - INFO - Fetching data from 2025-04-09 00:00:00 to 2025-04-13 18:57:29.678764
2025-04-13 18:57:29,679 - INFO - Fetching data from 2025-04-09 00:00:00 to 2025-04-13 18:57:29.678764 using API.
2025-04-13 18:57:37,939 - INFO - Fetched 6885 records from the API.
2025-04-13 18:57:37,945 - INFO - Processing and aggregating 6885 records.
2025-04-13 18:57:37,974 - INFO - Aggregated data to 115 records.
2025-04-13 18:57:37,974 - INFO - Adding features to 115 records.
2025-04-13 18:57:37,981 - INFO - Feature engineering completed with 104 records.
2025-04-13 18:57:37,982 - INFO - Storing data to database.
2025-04-13 18:57:38,119 - INFO - Data successfully stored in the database and log updated.
2025-04-13 18:57:38,130 - INFO - Pipeline executed successfully.
